The target system is: Generic - 1 - 
The host system is: Linux - 4.15.0-70-generic - x86_64
Compiling the C compiler identification source file "CMakeCCompilerId.c" succeeded.
Compiler: /usr/bin/arm-none-eabi-gcc 
Build flags: 
Id flags: -c 

The output was:
0


Compilation of the C compiler identification source "CMakeCCompilerId.c" produced "CMakeCCompilerId.o"

The C compiler identification is GNU, found in "/home/gbs/CLionProjects/dac_dma/cmake-build-debug/CMakeFiles/3.15.3/CompilerIdC/CMakeCCompilerId.o"

Compiling the CXX compiler identification source file "CMakeCXXCompilerId.cpp" succeeded.
Compiler: /usr/bin/arm-none-eabi-g++ 
Build flags: 
Id flags: -c 

The output was:
0


Compilation of the CXX compiler identification source "CMakeCXXCompilerId.cpp" produced "CMakeCXXCompilerId.o"

The CXX compiler identification is GNU, found in "/home/gbs/CLionProjects/dac_dma/cmake-build-debug/CMakeFiles/3.15.3/CompilerIdCXX/CMakeCXXCompilerId.o"

Checking whether the ASM compiler is GNU using "--version" matched "(GNU assembler)|(GCC)|(Free Software Foundation)":
arm-none-eabi-gcc (15:4.9.3+svn231177-1) 4.9.3 20150529 (prerelease)
Copyright (C) 2014 Free Software Foundation, Inc.
This is free software; see the source for copying conditions.  There is NO
warranty; not even for MERCHANTABILITY or FITNESS FOR A PARTICULAR PURPOSE.

Detecting C compiler ABI info compiled with the following output:
Change Dir: /home/gbs/CLionProjects/dac_dma/cmake-build-debug/CMakeFiles/CMakeTmp

Run Build Command(s):/usr/bin/make cmTC_b0c0e/fast && /usr/bin/make -f CMakeFiles/cmTC_b0c0e.dir/build.make CMakeFiles/cmTC_b0c0e.dir/build
make[1]: Entering directory '/home/gbs/CLionProjects/dac_dma/cmake-build-debug/CMakeFiles/CMakeTmp'
Building C object CMakeFiles/cmTC_b0c0e.dir/CMakeCCompilerABI.c.obj
/usr/bin/arm-none-eabi-gcc   -mcpu=cortex-m4  -mthumb -mthumb-interwork -ffunction-sections -fdata-sections     -g -fno-common -fmessage-length=0 -specs=nosys.specs -specs=nano.specs -std=gnu99    -v -o CMakeFiles/cmTC_b0c0e.dir/CMakeCCompilerABI.c.obj   -c /snap/clion/92/bin/cmake/linux/share/cmake-3.15/Modules/CMakeCCompilerABI.c
Using built-in specs.
Reading specs from /usr/lib/gcc/arm-none-eabi/4.9.3/../../../arm-none-eabi/lib/nosys.specs
rename spec link_gcc_c_sequence to nosys_link_gcc_c_sequence
Reading specs from /usr/lib/gcc/arm-none-eabi/4.9.3/../../../arm-none-eabi/lib/nano.specs
rename spec link to nano_link
rename spec link_gcc_c_sequence to nano_link_gcc_c_sequence
rename spec cpp to nano_cpp
COLLECT_GCC=/usr/bin/arm-none-eabi-gcc
Target: arm-none-eabi
Configured with: ../src/configure --build=x86_64-linux-gnu --prefix=/usr --includedir='/usr/lib/include' --mandir='/usr/lib/share/man' --infodir='/usr/lib/share/info' --sysconfdir=/etc --localstatedir=/var --disable-silent-rules --libdir='/usr/lib/lib/x86_64-linux-gnu' --libexecdir='/usr/lib/lib/x86_64-linux-gnu' --disable-maintainer-mode --disable-dependency-tracking --mandir=/usr/share/man --enable-languages=c,c++,lto --enable-multilib --disable-decimal-float --disable-libffi --disable-libgomp --disable-libmudflap --disable-libquadmath --disable-libssp --disable-libstdcxx-pch --disable-nls --disable-shared --disable-threads --disable-tls --build=x86_64-linux-gnu --target=arm-none-eabi --with-system-zlib --with-gnu-as --with-gnu-ld --with-pkgversion=15:4.9.3+svn231177-1 --without-included-gettext --prefix=/usr/lib --infodir=/usr/share/doc/gcc-arm-none-eabi/info --htmldir=/usr/share/doc/gcc-arm-none-eabi/html --pdfdir=/usr/share/doc/gcc-arm-none-eabi/pdf --bindir=/usr/bin --libexecdir=/usr/lib --libdir=/usr/lib --disable-libstdc++-v3 --host=x86_64-linux-gnu --with-headers=no --without-newlib --with-multilib-list=armv6-m,armv7-m,armv7e-m,armv7-r CFLAGS='-g -O2 -fstack-protector-strong' CPPFLAGS=-D_FORTIFY_SOURCE=2 CXXFLAGS='-g -O2 -fstack-protector-strong' FCFLAGS='-g -O2 -fstack-protector-strong' FFLAGS='-g -O2 -fstack-protector-strong' GCJFLAGS='-g -O2 -fstack-protector-strong' LDFLAGS='-Wl,-Bsymbolic-functions -Wl,-z,relro' OBJCFLAGS='-g -O2 -fstack-protector-strong' OBJCXXFLAGS='-g -O2 -fstack-protector-strong' INHIBIT_LIBC_CFLAGS=-DUSE_TM_CLONE_REGISTRY=0 AR_FOR_TARGET=arm-none-eabi-ar AS_FOR_TARGET=arm-none-eabi-as LD_FOR_TARGET=arm-none-eabi-ld NM_FOR_TARGET=arm-none-eabi-nm OBJDUMP_FOR_TARGET=arm-none-eabi-objdump RANLIB_FOR_TARGET=arm-none-eabi-ranlib READELF_FOR_TARGET=arm-none-eabi-readelf STRIP_FOR_TARGET=arm-none-eabi-strip
Thread model: single
gcc version 4.9.3 20150529 (prerelease) (15:4.9.3+svn231177-1) 
COLLECT_GCC_OPTIONS='-mcpu=cortex-m4' '-mthumb' '-mthumb-interwork' '-ffunction-sections' '-fdata-sections' '-g' '-fno-common' '-fmessage-length=0' '-specs=nosys.specs' '-specs=nano.specs' '-std=gnu99' '-v' '-o' 'CMakeFiles/cmTC_b0c0e.dir/CMakeCCompilerABI.c.obj' '-c'
 /usr/lib/gcc/arm-none-eabi/4.9.3/cc1 -quiet -v -imultilib armv7e-m -isystem =/include/newlib-nano -D__USES_INITFINI__ /snap/clion/92/bin/cmake/linux/share/cmake-3.15/Modules/CMakeCCompilerABI.c -quiet -dumpbase CMakeCCompilerABI.c -mcpu=cortex-m4 -mthumb -mthumb-interwork -auxbase-strip CMakeFiles/cmTC_b0c0e.dir/CMakeCCompilerABI.c.obj -g -std=gnu99 -version -ffunction-sections -fdata-sections -fno-common -fmessage-length=0 -o /tmp/ccOPyB0n.s
GNU C (15:4.9.3+svn231177-1) version 4.9.3 20150529 (prerelease) (arm-none-eabi)
	compiled by GNU C version 5.2.1 20151129, GMP version 6.1.0, MPFR version 3.1.3, MPC version 1.0.3
warning: MPFR header version 3.1.3 differs from library version 3.1.4.
GGC heuristics: --param ggc-min-expand=100 --param ggc-min-heapsize=131072
ignoring nonexistent directory "=/include/newlib-nano"
ignoring nonexistent directory "/usr/lib/gcc/arm-none-eabi/4.9.3/../../../arm-none-eabi/sys-include"
#include "..." search starts here:
#include <...> search starts here:
 /usr/lib/gcc/arm-none-eabi/4.9.3/include
 /usr/lib/gcc/arm-none-eabi/4.9.3/include-fixed
 /usr/lib/gcc/arm-none-eabi/4.9.3/../../../arm-none-eabi/include
End of search list.
GNU C (15:4.9.3+svn231177-1) version 4.9.3 20150529 (prerelease) (arm-none-eabi)
	compiled by GNU C version 5.2.1 20151129, GMP version 6.1.0, MPFR version 3.1.3, MPC version 1.0.3
warning: MPFR header version 3.1.3 differs from library version 3.1.4.
GGC heuristics: --param ggc-min-expand=100 --param ggc-min-heapsize=131072
Compiler executable checksum: f01f68389e85c5175dddde1daf56ada2
COLLECT_GCC_OPTIONS='-mcpu=cortex-m4' '-mthumb' '-mthumb-interwork' '-ffunction-sections' '-fdata-sections' '-g' '-fno-common' '-fmessage-length=0' '-specs=nosys.specs' '-specs=nano.specs' '-std=gnu99' '-v' '-o' 'CMakeFiles/cmTC_b0c0e.dir/CMakeCCompilerABI.c.obj' '-c'
 /usr/lib/gcc/arm-none-eabi/4.9.3/../../../arm-none-eabi/bin/as -v -mcpu=cortex-m4 -mthumb-interwork -meabi=5 -o CMakeFiles/cmTC_b0c0e.dir/CMakeCCompilerABI.c.obj /tmp/ccOPyB0n.s
GNU assembler version 2.26 (arm-none-eabi) using BFD version (2.26-4ubuntu1+8) 2.26
COMPILER_PATH=/usr/lib/gcc/arm-none-eabi/4.9.3/:/usr/lib/gcc/arm-none-eabi/4.9.3/:/usr/lib/gcc/arm-none-eabi/:/usr/lib/gcc/arm-none-eabi/4.9.3/:/usr/lib/gcc/arm-none-eabi/:/usr/lib/gcc/arm-none-eabi/4.9.3/../../../arm-none-eabi/bin/
LIBRARY_PATH=/usr/lib/gcc/arm-none-eabi/4.9.3/armv7e-m/:/usr/lib/gcc/arm-none-eabi/4.9.3/../../../arm-none-eabi/lib/armv7e-m/:/usr/lib/gcc/arm-none-eabi/4.9.3/:/usr/lib/gcc/arm-none-eabi/4.9.3/../../../arm-none-eabi/lib/
COLLECT_GCC_OPTIONS='-mcpu=cortex-m4' '-mthumb' '-mthumb-interwork' '-ffunction-sections' '-fdata-sections' '-g' '-fno-common' '-fmessage-length=0' '-specs=nosys.specs' '-specs=nano.specs' '-std=gnu99' '-v' '-o' 'CMakeFiles/cmTC_b0c0e.dir/CMakeCCompilerABI.c.obj' '-c'
Linking C executable cmTC_b0c0e
/snap/clion/92/bin/cmake/linux/bin/cmake -E cmake_link_script CMakeFiles/cmTC_b0c0e.dir/link.txt --verbose=1
/usr/bin/arm-none-eabi-gcc -mcpu=cortex-m4  -mthumb -mthumb-interwork -ffunction-sections -fdata-sections     -g -fno-common -fmessage-length=0 -specs=nosys.specs -specs=nano.specs -std=gnu99   -Wl,-gc-sections,--print-memory-usage -T /home/gbs/CLionProjects/dac_dma/STM32F407VGTx_FLASH.ld -v CMakeFiles/cmTC_b0c0e.dir/CMakeCCompilerABI.c.obj  -o cmTC_b0c0e 
Using built-in specs.
Reading specs from /usr/lib/gcc/arm-none-eabi/4.9.3/../../../arm-none-eabi/lib/nosys.specs
rename spec link_gcc_c_sequence to nosys_link_gcc_c_sequence
Reading specs from /usr/lib/gcc/arm-none-eabi/4.9.3/../../../arm-none-eabi/lib/nano.specs
rename spec link to nano_link
rename spec link_gcc_c_sequence to nano_link_gcc_c_sequence
rename spec cpp to nano_cpp
COLLECT_GCC=/usr/bin/arm-none-eabi-gcc
COLLECT_LTO_WRAPPER=/usr/lib/gcc/arm-none-eabi/4.9.3/lto-wrapper
Target: arm-none-eabi
Configured with: ../src/configure --build=x86_64-linux-gnu --prefix=/usr --includedir='/usr/lib/include' --mandir='/usr/lib/share/man' --infodir='/usr/lib/share/info' --sysconfdir=/etc --localstatedir=/var --disable-silent-rules --libdir='/usr/lib/lib/x86_64-linux-gnu' --libexecdir='/usr/lib/lib/x86_64-linux-gnu' --disable-maintainer-mode --disable-dependency-tracking --mandir=/usr/share/man --enable-languages=c,c++,lto --enable-multilib --disable-decimal-float --disable-libffi --disable-libgomp --disable-libmudflap --disable-libquadmath --disable-libssp --disable-libstdcxx-pch --disable-nls --disable-shared --disable-threads --disable-tls --build=x86_64-linux-gnu --target=arm-none-eabi --with-system-zlib --with-gnu-as --with-gnu-ld --with-pkgversion=15:4.9.3+svn231177-1 --without-included-gettext --prefix=/usr/lib --infodir=/usr/share/doc/gcc-arm-none-eabi/info --htmldir=/usr/share/doc/gcc-arm-none-eabi/html --pdfdir=/usr/share/doc/gcc-arm-none-eabi/pdf --bindir=/usr/bin --libexecdir=/usr/lib --libdir=/usr/lib --disable-libstdc++-v3 --host=x86_64-linux-gnu --with-headers=no --without-newlib --with-multilib-list=armv6-m,armv7-m,armv7e-m,armv7-r CFLAGS='-g -O2 -fstack-protector-strong' CPPFLAGS=-D_FORTIFY_SOURCE=2 CXXFLAGS='-g -O2 -fstack-protector-strong' FCFLAGS='-g -O2 -fstack-protector-strong' FFLAGS='-g -O2 -fstack-protector-strong' GCJFLAGS='-g -O2 -fstack-protector-strong' LDFLAGS='-Wl,-Bsymbolic-functions -Wl,-z,relro' OBJCFLAGS='-g -O2 -fstack-protector-strong' OBJCXXFLAGS='-g -O2 -fstack-protector-strong' INHIBIT_LIBC_CFLAGS=-DUSE_TM_CLONE_REGISTRY=0 AR_FOR_TARGET=arm-none-eabi-ar AS_FOR_TARGET=arm-none-eabi-as LD_FOR_TARGET=arm-none-eabi-ld NM_FOR_TARGET=arm-none-eabi-nm OBJDUMP_FOR_TARGET=arm-none-eabi-objdump RANLIB_FOR_TARGET=arm-none-eabi-ranlib READELF_FOR_TARGET=arm-none-eabi-readelf STRIP_FOR_TARGET=arm-none-eabi-strip
Thread model: single
gcc version 4.9.3 20150529 (prerelease) (15:4.9.3+svn231177-1) 
COMPILER_PATH=/usr/lib/gcc/arm-none-eabi/4.9.3/:/usr/lib/gcc/arm-none-eabi/4.9.3/:/usr/lib/gcc/arm-none-eabi/:/usr/lib/gcc/arm-none-eabi/4.9.3/:/usr/lib/gcc/arm-none-eabi/:/usr/lib/gcc/arm-none-eabi/4.9.3/../../../arm-none-eabi/bin/
LIBRARY_PATH=/usr/lib/gcc/arm-none-eabi/4.9.3/armv7e-m/:/usr/lib/gcc/arm-none-eabi/4.9.3/../../../arm-none-eabi/lib/armv7e-m/:/usr/lib/gcc/arm-none-eabi/4.9.3/:/usr/lib/gcc/arm-none-eabi/4.9.3/../../../arm-none-eabi/lib/
COLLECT_GCC_OPTIONS='-mcpu=cortex-m4' '-mthumb' '-mthumb-interwork' '-ffunction-sections' '-fdata-sections' '-g' '-fno-common' '-fmessage-length=0' '-specs=nosys.specs' '-specs=nano.specs' '-std=gnu99' '-T' '/home/gbs/CLionProjects/dac_dma/STM32F407VGTx_FLASH.ld' '-v' '-o' 'cmTC_b0c0e'
 /usr/lib/gcc/arm-none-eabi/4.9.3/collect2 -plugin /usr/lib/gcc/arm-none-eabi/4.9.3/liblto_plugin.so -plugin-opt=/usr/lib/gcc/arm-none-eabi/4.9.3/lto-wrapper -plugin-opt=-fresolution=/tmp/ccx1zH6q.res -plugin-opt=-pass-through=-lgcc -plugin-opt=-pass-through=-lg_nano -plugin-opt=-pass-through=-lc_nano -plugin-opt=-pass-through=-lgcc -plugin-opt=-pass-through=-lc_nano -plugin-opt=-pass-through=-lnosys -plugin-opt=-pass-through=-lgcc -plugin-opt=-pass-through=-lc_nano -plugin-opt=-pass-through=-lnosys -X -o cmTC_b0c0e /usr/lib/gcc/arm-none-eabi/4.9.3/armv7e-m/crti.o /usr/lib/gcc/arm-none-eabi/4.9.3/armv7e-m/crtbegin.o /usr/lib/gcc/arm-none-eabi/4.9.3/../../../arm-none-eabi/lib/armv7e-m/crt0.o -L/usr/lib/gcc/arm-none-eabi/4.9.3/armv7e-m -L/usr/lib/gcc/arm-none-eabi/4.9.3/../../../arm-none-eabi/lib/armv7e-m -L/usr/lib/gcc/arm-none-eabi/4.9.3 -L/usr/lib/gcc/arm-none-eabi/4.9.3/../../../arm-none-eabi/lib -gc-sections --print-memory-usage CMakeFiles/cmTC_b0c0e.dir/CMakeCCompilerABI.c.obj --start-group -lgcc -lg_nano -lc_nano --end-group --start-group -lgcc -lc_nano -lnosys --end-group --start-group -lgcc -lc_nano -lnosys --end-group /usr/lib/gcc/arm-none-eabi/4.9.3/armv7e-m/crtend.o /usr/lib/gcc/arm-none-eabi/4.9.3/armv7e-m/crtn.o -T /home/gbs/CLionProjects/dac_dma/STM32F407VGTx_FLASH.ld
Memory region         Used Size  Region Size  %age Used
             RAM:        1568 B       128 KB      1.20%
          CCMRAM:          0 GB        64 KB      0.00%
           FLASH:         196 B         1 MB      0.02/usr/lib/gcc/arm-none-eabi/4.9.3/../../../arm-none-eabi/bin/ld: warning: /usr/lib/gcc/arm-none-eabi/4.9.3/../../../arm-none-eabi/lib/armv7e-m/libg_nano.a(lib_a-atexit.o) uses 2-byte wchar_t yet the output is to use 4-byte wchar_t; use of wchar_t values across objects may fail
/usr/lib/gcc/arm-none-eabi/4.9.3/../../../arm-none-eabi/bin/ld: warning: /usr/lib/gcc/arm-none-eabi/4.9.3/../../../arm-none-eabi/lib/armv7e-m/libg_nano.a(lib_a-exit.o) uses 2-byte wchar_t yet the output is to use 4-byte wchar_t; use of wchar_t values across objects may fail
/usr/lib/gcc/arm-none-eabi/4.9.3/../../../arm-none-eabi/bin/ld: warning: /usr/lib/gcc/arm-none-eabi/4.9.3/../../../arm-none-eabi/lib/armv7e-m/libg_nano.a(lib_a-fini.o) uses 2-byte wchar_t yet the output is to use 4-byte wchar_t; use of wchar_t values across objects may fail
/usr/lib/gcc/arm-none-eabi/4.9.3/../../../arm-none-eabi/bin/ld: warning: /usr/lib/gcc/arm-none-eabi/4.9.3/../../../arm-none-eabi/lib/armv7e-m/libg_nano.a(lib_a-impure.o) uses 2-byte wchar_t yet the output is to use 4-byte wchar_t; use of wchar_t values across objects may fail
/usr/lib/gcc/arm-none-eabi/4.9.3/../../../arm-none-eabi/bin/ld: warning: /usr/lib/gcc/arm-none-eabi/4.9.3/../../../arm-none-eabi/lib/armv7e-m/libg_nano.a(lib_a-init.o) uses 2-byte wchar_t yet the output is to use 4-byte wchar_t; use of wchar_t values across objects may fail
/usr/lib/gcc/arm-none-eabi/4.9.3/../../../arm-none-eabi/bin/ld: warning: /usr/lib/gcc/arm-none-eabi/4.9.3/../../../arm-none-eabi/lib/armv7e-m/libg_nano.a(lib_a-memset.o) uses 2-byte wchar_t yet the output is to use 4-byte wchar_t; use of wchar_t values across objects may fail
/usr/lib/gcc/arm-none-eabi/4.9.3/../../../arm-none-eabi/bin/ld: warning: /usr/lib/gcc/arm-none-eabi/4.9.3/../../../arm-none-eabi/lib/armv7e-m/libg_nano.a(lib_a-__atexit.o) uses 2-byte wchar_t yet the output is to use 4-byte wchar_t; use of wchar_t values across objects may fail
/usr/lib/gcc/arm-none-eabi/4.9.3/../../../arm-none-eabi/bin/ld: warning: /usr/lib/gcc/arm-none-eabi/4.9.3/../../../arm-none-eabi/lib/armv7e-m/libg_nano.a(lib_a-__call_atexit.o) uses 2-byte wchar_t yet the output is to use 4-byte wchar_t; use of wchar_t values across objects may fail
/usr/lib/gcc/arm-none-eabi/4.9.3/../../../arm-none-eabi/bin/ld: warning: cannot find entry symbol Reset_Handler; defaulting to 0000000008000000
%
make[1]: Leaving directory '/home/gbs/CLionProjects/dac_dma/cmake-build-debug/CMakeFiles/CMakeTmp'



Parsed C implicit include dir info from above output: rv=done
  found start of include info
  found start of implicit include info
    add: [/usr/lib/gcc/arm-none-eabi/4.9.3/include]
    add: [/usr/lib/gcc/arm-none-eabi/4.9.3/include-fixed]
    add: [/usr/lib/gcc/arm-none-eabi/4.9.3/../../../arm-none-eabi/include]
  end of search list found
  collapse include dir [/usr/lib/gcc/arm-none-eabi/4.9.3/include] ==> [/usr/lib/gcc/arm-none-eabi/4.9.3/include]
  collapse include dir [/usr/lib/gcc/arm-none-eabi/4.9.3/include-fixed] ==> [/usr/lib/gcc/arm-none-eabi/4.9.3/include-fixed]
  collapse include dir [/usr/lib/gcc/arm-none-eabi/4.9.3/../../../arm-none-eabi/include] ==> [/usr/lib/arm-none-eabi/include]
  implicit include dirs: [/usr/lib/gcc/arm-none-eabi/4.9.3/include;/usr/lib/gcc/arm-none-eabi/4.9.3/include-fixed;/usr/lib/arm-none-eabi/include]


Parsed C implicit link information from above output:
  link line regex: [^( *|.*[/\])(arm-none-eabi-ld|CMAKE_LINK_STARTFILE-NOTFOUND|([^/\]+-)?ld|collect2)[^/\]*( |$)]
  ignore line: [Change Dir: /home/gbs/CLionProjects/dac_dma/cmake-build-debug/CMakeFiles/CMakeTmp]
  ignore line: []
  ignore line: [Run Build Command(s):/usr/bin/make cmTC_b0c0e/fast && /usr/bin/make -f CMakeFiles/cmTC_b0c0e.dir/build.make CMakeFiles/cmTC_b0c0e.dir/build]
  ignore line: [make[1]: Entering directory '/home/gbs/CLionProjects/dac_dma/cmake-build-debug/CMakeFiles/CMakeTmp']
  ignore line: [Building C object CMakeFiles/cmTC_b0c0e.dir/CMakeCCompilerABI.c.obj]
  ignore line: [/usr/bin/arm-none-eabi-gcc   -mcpu=cortex-m4  -mthumb -mthumb-interwork -ffunction-sections -fdata-sections     -g -fno-common -fmessage-length=0 -specs=nosys.specs -specs=nano.specs -std=gnu99    -v -o CMakeFiles/cmTC_b0c0e.dir/CMakeCCompilerABI.c.obj   -c /snap/clion/92/bin/cmake/linux/share/cmake-3.15/Modules/CMakeCCompilerABI.c]
  ignore line: [Using built-in specs.]
  ignore line: [Reading specs from /usr/lib/gcc/arm-none-eabi/4.9.3/../../../arm-none-eabi/lib/nosys.specs]
  ignore line: [rename spec link_gcc_c_sequence to nosys_link_gcc_c_sequence]
  ignore line: [Reading specs from /usr/lib/gcc/arm-none-eabi/4.9.3/../../../arm-none-eabi/lib/nano.specs]
  ignore line: [rename spec link to nano_link]
  ignore line: [rename spec link_gcc_c_sequence to nano_link_gcc_c_sequence]
  ignore line: [rename spec cpp to nano_cpp]
  ignore line: [COLLECT_GCC=/usr/bin/arm-none-eabi-gcc]
  ignore line: [Target: arm-none-eabi]
  ignore line: [Configured with: ../src/configure --build=x86_64-linux-gnu --prefix=/usr --includedir='/usr/lib/include' --mandir='/usr/lib/share/man' --infodir='/usr/lib/share/info' --sysconfdir=/etc --localstatedir=/var --disable-silent-rules --libdir='/usr/lib/lib/x86_64-linux-gnu' --libexecdir='/usr/lib/lib/x86_64-linux-gnu' --disable-maintainer-mode --disable-dependency-tracking --mandir=/usr/share/man --enable-languages=c,c++,lto --enable-multilib --disable-decimal-float --disable-libffi --disable-libgomp --disable-libmudflap --disable-libquadmath --disable-libssp --disable-libstdcxx-pch --disable-nls --disable-shared --disable-threads --disable-tls --build=x86_64-linux-gnu --target=arm-none-eabi --with-system-zlib --with-gnu-as --with-gnu-ld --with-pkgversion=15:4.9.3+svn231177-1 --without-included-gettext --prefix=/usr/lib --infodir=/usr/share/doc/gcc-arm-none-eabi/info --htmldir=/usr/share/doc/gcc-arm-none-eabi/html --pdfdir=/usr/share/doc/gcc-arm-none-eabi/pdf --bindir=/usr/bin --libexecdir=/usr/lib --libdir=/usr/lib --disable-libstdc++-v3 --host=x86_64-linux-gnu --with-headers=no --without-newlib --with-multilib-list=armv6-m,armv7-m,armv7e-m,armv7-r CFLAGS='-g -O2 -fstack-protector-strong' CPPFLAGS=-D_FORTIFY_SOURCE=2 CXXFLAGS='-g -O2 -fstack-protector-strong' FCFLAGS='-g -O2 -fstack-protector-strong' FFLAGS='-g -O2 -fstack-protector-strong' GCJFLAGS='-g -O2 -fstack-protector-strong' LDFLAGS='-Wl,-Bsymbolic-functions -Wl,-z,relro' OBJCFLAGS='-g -O2 -fstack-protector-strong' OBJCXXFLAGS='-g -O2 -fstack-protector-strong' INHIBIT_LIBC_CFLAGS=-DUSE_TM_CLONE_REGISTRY=0 AR_FOR_TARGET=arm-none-eabi-ar AS_FOR_TARGET=arm-none-eabi-as LD_FOR_TARGET=arm-none-eabi-ld NM_FOR_TARGET=arm-none-eabi-nm OBJDUMP_FOR_TARGET=arm-none-eabi-objdump RANLIB_FOR_TARGET=arm-none-eabi-ranlib READELF_FOR_TARGET=arm-none-eabi-readelf STRIP_FOR_TARGET=arm-none-eabi-strip]
  ignore line: [Thread model: single]
  ignore line: [gcc version 4.9.3 20150529 (prerelease) (15:4.9.3+svn231177-1) ]
  ignore line: [COLLECT_GCC_OPTIONS='-mcpu=cortex-m4' '-mthumb' '-mthumb-interwork' '-ffunction-sections' '-fdata-sections' '-g' '-fno-common' '-fmessage-length=0' '-specs=nosys.specs' '-specs=nano.specs' '-std=gnu99' '-v' '-o' 'CMakeFiles/cmTC_b0c0e.dir/CMakeCCompilerABI.c.obj' '-c']
  ignore line: [ /usr/lib/gcc/arm-none-eabi/4.9.3/cc1 -quiet -v -imultilib armv7e-m -isystem =/include/newlib-nano -D__USES_INITFINI__ /snap/clion/92/bin/cmake/linux/share/cmake-3.15/Modules/CMakeCCompilerABI.c -quiet -dumpbase CMakeCCompilerABI.c -mcpu=cortex-m4 -mthumb -mthumb-interwork -auxbase-strip CMakeFiles/cmTC_b0c0e.dir/CMakeCCompilerABI.c.obj -g -std=gnu99 -version -ffunction-sections -fdata-sections -fno-common -fmessage-length=0 -o /tmp/ccOPyB0n.s]
  ignore line: [GNU C (15:4.9.3+svn231177-1) version 4.9.3 20150529 (prerelease) (arm-none-eabi)]
  ignore line: [	compiled by GNU C version 5.2.1 20151129, GMP version 6.1.0, MPFR version 3.1.3, MPC version 1.0.3]
  ignore line: [warning: MPFR header version 3.1.3 differs from library version 3.1.4.]
  ignore line: [GGC heuristics: --param ggc-min-expand=100 --param ggc-min-heapsize=131072]
  ignore line: [ignoring nonexistent directory "=/include/newlib-nano"]
  ignore line: [ignoring nonexistent directory "/usr/lib/gcc/arm-none-eabi/4.9.3/../../../arm-none-eabi/sys-include"]
  ignore line: [#include "..." search starts here:]
  ignore line: [#include <...> search starts here:]
  ignore line: [ /usr/lib/gcc/arm-none-eabi/4.9.3/include]
  ignore line: [ /usr/lib/gcc/arm-none-eabi/4.9.3/include-fixed]
  ignore line: [ /usr/lib/gcc/arm-none-eabi/4.9.3/../../../arm-none-eabi/include]
  ignore line: [End of search list.]
  ignore line: [GNU C (15:4.9.3+svn231177-1) version 4.9.3 20150529 (prerelease) (arm-none-eabi)]
  ignore line: [	compiled by GNU C version 5.2.1 20151129, GMP version 6.1.0, MPFR version 3.1.3, MPC version 1.0.3]
  ignore line: [warning: MPFR header version 3.1.3 differs from library version 3.1.4.]
  ignore line: [GGC heuristics: --param ggc-min-expand=100 --param ggc-min-heapsize=131072]
  ignore line: [Compiler executable checksum: f01f68389e85c5175dddde1daf56ada2]
  ignore line: [COLLECT_GCC_OPTIONS='-mcpu=cortex-m4' '-mthumb' '-mthumb-interwork' '-ffunction-sections' '-fdata-sections' '-g' '-fno-common' '-fmessage-length=0' '-specs=nosys.specs' '-specs=nano.specs' '-std=gnu99' '-v' '-o' 'CMakeFiles/cmTC_b0c0e.dir/CMakeCCompilerABI.c.obj' '-c']
  ignore line: [ /usr/lib/gcc/arm-none-eabi/4.9.3/../../../arm-none-eabi/bin/as -v -mcpu=cortex-m4 -mthumb-interwork -meabi=5 -o CMakeFiles/cmTC_b0c0e.dir/CMakeCCompilerABI.c.obj /tmp/ccOPyB0n.s]
  ignore line: [GNU assembler version 2.26 (arm-none-eabi) using BFD version (2.26-4ubuntu1+8) 2.26]
  ignore line: [COMPILER_PATH=/usr/lib/gcc/arm-none-eabi/4.9.3/:/usr/lib/gcc/arm-none-eabi/4.9.3/:/usr/lib/gcc/arm-none-eabi/:/usr/lib/gcc/arm-none-eabi/4.9.3/:/usr/lib/gcc/arm-none-eabi/:/usr/lib/gcc/arm-none-eabi/4.9.3/../../../arm-none-eabi/bin/]
  ignore line: [LIBRARY_PATH=/usr/lib/gcc/arm-none-eabi/4.9.3/armv7e-m/:/usr/lib/gcc/arm-none-eabi/4.9.3/../../../arm-none-eabi/lib/armv7e-m/:/usr/lib/gcc/arm-none-eabi/4.9.3/:/usr/lib/gcc/arm-none-eabi/4.9.3/../../../arm-none-eabi/lib/]
  ignore line: [COLLECT_GCC_OPTIONS='-mcpu=cortex-m4' '-mthumb' '-mthumb-interwork' '-ffunction-sections' '-fdata-sections' '-g' '-fno-common' '-fmessage-length=0' '-specs=nosys.specs' '-specs=nano.specs' '-std=gnu99' '-v' '-o' 'CMakeFiles/cmTC_b0c0e.dir/CMakeCCompilerABI.c.obj' '-c']
  ignore line: [Linking C executable cmTC_b0c0e]
  ignore line: [/snap/clion/92/bin/cmake/linux/bin/cmake -E cmake_link_script CMakeFiles/cmTC_b0c0e.dir/link.txt --verbose=1]
  ignore line: [/usr/bin/arm-none-eabi-gcc -mcpu=cortex-m4  -mthumb -mthumb-interwork -ffunction-sections -fdata-sections     -g -fno-common -fmessage-length=0 -specs=nosys.specs -specs=nano.specs -std=gnu99   -Wl,-gc-sections,--print-memory-usage -T /home/gbs/CLionProjects/dac_dma/STM32F407VGTx_FLASH.ld -v CMakeFiles/cmTC_b0c0e.dir/CMakeCCompilerABI.c.obj  -o cmTC_b0c0e ]
  ignore line: [Using built-in specs.]
  ignore line: [Reading specs from /usr/lib/gcc/arm-none-eabi/4.9.3/../../../arm-none-eabi/lib/nosys.specs]
  ignore line: [rename spec link_gcc_c_sequence to nosys_link_gcc_c_sequence]
  ignore line: [Reading specs from /usr/lib/gcc/arm-none-eabi/4.9.3/../../../arm-none-eabi/lib/nano.specs]
  ignore line: [rename spec link to nano_link]
  ignore line: [rename spec link_gcc_c_sequence to nano_link_gcc_c_sequence]
  ignore line: [rename spec cpp to nano_cpp]
  ignore line: [COLLECT_GCC=/usr/bin/arm-none-eabi-gcc]
  ignore line: [COLLECT_LTO_WRAPPER=/usr/lib/gcc/arm-none-eabi/4.9.3/lto-wrapper]
  ignore line: [Target: arm-none-eabi]
  ignore line: [Configured with: ../src/configure --build=x86_64-linux-gnu --prefix=/usr --includedir='/usr/lib/include' --mandir='/usr/lib/share/man' --infodir='/usr/lib/share/info' --sysconfdir=/etc --localstatedir=/var --disable-silent-rules --libdir='/usr/lib/lib/x86_64-linux-gnu' --libexecdir='/usr/lib/lib/x86_64-linux-gnu' --disable-maintainer-mode --disable-dependency-tracking --mandir=/usr/share/man --enable-languages=c,c++,lto --enable-multilib --disable-decimal-float --disable-libffi --disable-libgomp --disable-libmudflap --disable-libquadmath --disable-libssp --disable-libstdcxx-pch --disable-nls --disable-shared --disable-threads --disable-tls --build=x86_64-linux-gnu --target=arm-none-eabi --with-system-zlib --with-gnu-as --with-gnu-ld --with-pkgversion=15:4.9.3+svn231177-1 --without-included-gettext --prefix=/usr/lib --infodir=/usr/share/doc/gcc-arm-none-eabi/info --htmldir=/usr/share/doc/gcc-arm-none-eabi/html --pdfdir=/usr/share/doc/gcc-arm-none-eabi/pdf --bindir=/usr/bin --libexecdir=/usr/lib --libdir=/usr/lib --disable-libstdc++-v3 --host=x86_64-linux-gnu --with-headers=no --without-newlib --with-multilib-list=armv6-m,armv7-m,armv7e-m,armv7-r CFLAGS='-g -O2 -fstack-protector-strong' CPPFLAGS=-D_FORTIFY_SOURCE=2 CXXFLAGS='-g -O2 -fstack-protector-strong' FCFLAGS='-g -O2 -fstack-protector-strong' FFLAGS='-g -O2 -fstack-protector-strong' GCJFLAGS='-g -O2 -fstack-protector-strong' LDFLAGS='-Wl,-Bsymbolic-functions -Wl,-z,relro' OBJCFLAGS='-g -O2 -fstack-protector-strong' OBJCXXFLAGS='-g -O2 -fstack-protector-strong' INHIBIT_LIBC_CFLAGS=-DUSE_TM_CLONE_REGISTRY=0 AR_FOR_TARGET=arm-none-eabi-ar AS_FOR_TARGET=arm-none-eabi-as LD_FOR_TARGET=arm-none-eabi-ld NM_FOR_TARGET=arm-none-eabi-nm OBJDUMP_FOR_TARGET=arm-none-eabi-objdump RANLIB_FOR_TARGET=arm-none-eabi-ranlib READELF_FOR_TARGET=arm-none-eabi-readelf STRIP_FOR_TARGET=arm-none-eabi-strip]
  ignore line: [Thread model: single]
  ignore line: [gcc version 4.9.3 20150529 (prerelease) (15:4.9.3+svn231177-1) ]
  ignore line: [COMPILER_PATH=/usr/lib/gcc/arm-none-eabi/4.9.3/:/usr/lib/gcc/arm-none-eabi/4.9.3/:/usr/lib/gcc/arm-none-eabi/:/usr/lib/gcc/arm-none-eabi/4.9.3/:/usr/lib/gcc/arm-none-eabi/:/usr/lib/gcc/arm-none-eabi/4.9.3/../../../arm-none-eabi/bin/]
  ignore line: [LIBRARY_PATH=/usr/lib/gcc/arm-none-eabi/4.9.3/armv7e-m/:/usr/lib/gcc/arm-none-eabi/4.9.3/../../../arm-none-eabi/lib/armv7e-m/:/usr/lib/gcc/arm-none-eabi/4.9.3/:/usr/lib/gcc/arm-none-eabi/4.9.3/../../../arm-none-eabi/lib/]
  ignore line: [COLLECT_GCC_OPTIONS='-mcpu=cortex-m4' '-mthumb' '-mthumb-interwork' '-ffunction-sections' '-fdata-sections' '-g' '-fno-common' '-fmessage-length=0' '-specs=nosys.specs' '-specs=nano.specs' '-std=gnu99' '-T' '/home/gbs/CLionProjects/dac_dma/STM32F407VGTx_FLASH.ld' '-v' '-o' 'cmTC_b0c0e']
  link line: [ /usr/lib/gcc/arm-none-eabi/4.9.3/collect2 -plugin /usr/lib/gcc/arm-none-eabi/4.9.3/liblto_plugin.so -plugin-opt=/usr/lib/gcc/arm-none-eabi/4.9.3/lto-wrapper -plugin-opt=-fresolution=/tmp/ccx1zH6q.res -plugin-opt=-pass-through=-lgcc -plugin-opt=-pass-through=-lg_nano -plugin-opt=-pass-through=-lc_nano -plugin-opt=-pass-through=-lgcc -plugin-opt=-pass-through=-lc_nano -plugin-opt=-pass-through=-lnosys -plugin-opt=-pass-through=-lgcc -plugin-opt=-pass-through=-lc_nano -plugin-opt=-pass-through=-lnosys -X -o cmTC_b0c0e /usr/lib/gcc/arm-none-eabi/4.9.3/armv7e-m/crti.o /usr/lib/gcc/arm-none-eabi/4.9.3/armv7e-m/crtbegin.o /usr/lib/gcc/arm-none-eabi/4.9.3/../../../arm-none-eabi/lib/armv7e-m/crt0.o -L/usr/lib/gcc/arm-none-eabi/4.9.3/armv7e-m -L/usr/lib/gcc/arm-none-eabi/4.9.3/../../../arm-none-eabi/lib/armv7e-m -L/usr/lib/gcc/arm-none-eabi/4.9.3 -L/usr/lib/gcc/arm-none-eabi/4.9.3/../../../arm-none-eabi/lib -gc-sections --print-memory-usage CMakeFiles/cmTC_b0c0e.dir/CMakeCCompilerABI.c.obj --start-group -lgcc -lg_nano -lc_nano --end-group --start-group -lgcc -lc_nano -lnosys --end-group --start-group -lgcc -lc_nano -lnosys --end-group /usr/lib/gcc/arm-none-eabi/4.9.3/armv7e-m/crtend.o /usr/lib/gcc/arm-none-eabi/4.9.3/armv7e-m/crtn.o -T /home/gbs/CLionProjects/dac_dma/STM32F407VGTx_FLASH.ld]
    arg [/usr/lib/gcc/arm-none-eabi/4.9.3/collect2] ==> ignore
    arg [-plugin] ==> ignore
    arg [/usr/lib/gcc/arm-none-eabi/4.9.3/liblto_plugin.so] ==> ignore
    arg [-plugin-opt=/usr/lib/gcc/arm-none-eabi/4.9.3/lto-wrapper] ==> ignore
    arg [-plugin-opt=-fresolution=/tmp/ccx1zH6q.res] ==> ignore
    arg [-plugin-opt=-pass-through=-lgcc] ==> ignore
    arg [-plugin-opt=-pass-through=-lg_nano] ==> ignore
    arg [-plugin-opt=-pass-through=-lc_nano] ==> ignore
    arg [-plugin-opt=-pass-through=-lgcc] ==> ignore
    arg [-plugin-opt=-pass-through=-lc_nano] ==> ignore
    arg [-plugin-opt=-pass-through=-lnosys] ==> ignore
    arg [-plugin-opt=-pass-through=-lgcc] ==> ignore
    arg [-plugin-opt=-pass-through=-lc_nano] ==> ignore
    arg [-plugin-opt=-pass-through=-lnosys] ==> ignore
    arg [-X] ==> ignore
    arg [-o] ==> ignore
    arg [cmTC_b0c0e] ==> ignore
    arg [/usr/lib/gcc/arm-none-eabi/4.9.3/armv7e-m/crti.o] ==> ignore
    arg [/usr/lib/gcc/arm-none-eabi/4.9.3/armv7e-m/crtbegin.o] ==> ignore
    arg [/usr/lib/gcc/arm-none-eabi/4.9.3/../../../arm-none-eabi/lib/armv7e-m/crt0.o] ==> ignore
    arg [-L/usr/lib/gcc/arm-none-eabi/4.9.3/armv7e-m] ==> dir [/usr/lib/gcc/arm-none-eabi/4.9.3/armv7e-m]
    arg [-L/usr/lib/gcc/arm-none-eabi/4.9.3/../../../arm-none-eabi/lib/armv7e-m] ==> dir [/usr/lib/gcc/arm-none-eabi/4.9.3/../../../arm-none-eabi/lib/armv7e-m]
    arg [-L/usr/lib/gcc/arm-none-eabi/4.9.3] ==> dir [/usr/lib/gcc/arm-none-eabi/4.9.3]
    arg [-L/usr/lib/gcc/arm-none-eabi/4.9.3/../../../arm-none-eabi/lib] ==> dir [/usr/lib/gcc/arm-none-eabi/4.9.3/../../../arm-none-eabi/lib]
    arg [-gc-sections] ==> ignore
    arg [--print-memory-usage] ==> ignore
    arg [CMakeFiles/cmTC_b0c0e.dir/CMakeCCompilerABI.c.obj] ==> ignore
    arg [--start-group] ==> ignore
    arg [-lgcc] ==> lib [gcc]
    arg [-lg_nano] ==> lib [g_nano]
    arg [-lc_nano] ==> lib [c_nano]
    arg [--end-group] ==> ignore
    arg [--start-group] ==> ignore
    arg [-lgcc] ==> lib [gcc]
    arg [-lc_nano] ==> lib [c_nano]
    arg [-lnosys] ==> lib [nosys]
    arg [--end-group] ==> ignore
    arg [--start-group] ==> ignore
    arg [-lgcc] ==> lib [gcc]
    arg [-lc_nano] ==> lib [c_nano]
    arg [-lnosys] ==> lib [nosys]
    arg [--end-group] ==> ignore
    arg [/usr/lib/gcc/arm-none-eabi/4.9.3/armv7e-m/crtend.o] ==> ignore
    arg [/usr/lib/gcc/arm-none-eabi/4.9.3/armv7e-m/crtn.o] ==> ignore
    arg [-T] ==> ignore
    arg [/home/gbs/CLionProjects/dac_dma/STM32F407VGTx_FLASH.ld] ==> ignore
  collapse library dir [/usr/lib/gcc/arm-none-eabi/4.9.3/armv7e-m] ==> [/usr/lib/gcc/arm-none-eabi/4.9.3/armv7e-m]
  collapse library dir [/usr/lib/gcc/arm-none-eabi/4.9.3/../../../arm-none-eabi/lib/armv7e-m] ==> [/usr/lib/arm-none-eabi/lib/armv7e-m]
  collapse library dir [/usr/lib/gcc/arm-none-eabi/4.9.3] ==> [/usr/lib/gcc/arm-none-eabi/4.9.3]
  collapse library dir [/usr/lib/gcc/arm-none-eabi/4.9.3/../../../arm-none-eabi/lib] ==> [/usr/lib/arm-none-eabi/lib]
  implicit libs: [gcc;g_nano;c_nano;gcc;c_nano;nosys;gcc;c_nano;nosys]
  implicit dirs: [/usr/lib/gcc/arm-none-eabi/4.9.3/armv7e-m;/usr/lib/arm-none-eabi/lib/armv7e-m;/usr/lib/gcc/arm-none-eabi/4.9.3;/usr/lib/arm-none-eabi/lib]
  implicit fwks: []


Detecting CXX compiler ABI info compiled with the following output:
Change Dir: /home/gbs/CLionProjects/dac_dma/cmake-build-debug/CMakeFiles/CMakeTmp

Run Build Command(s):/usr/bin/make cmTC_04876/fast && /usr/bin/make -f CMakeFiles/cmTC_04876.dir/build.make CMakeFiles/cmTC_04876.dir/build
make[1]: Entering directory '/home/gbs/CLionProjects/dac_dma/cmake-build-debug/CMakeFiles/CMakeTmp'
Building CXX object CMakeFiles/cmTC_04876.dir/CMakeCXXCompilerABI.cpp.obj
/usr/bin/arm-none-eabi-g++    -mcpu=cortex-m4  -mthumb -mthumb-interwork -ffunction-sections -fdata-sections     -g -fno-common -fmessage-length=0 -specs=nosys.specs -specs=nano.specs -std=c++11    -v -o CMakeFiles/cmTC_04876.dir/CMakeCXXCompilerABI.cpp.obj -c /snap/clion/92/bin/cmake/linux/share/cmake-3.15/Modules/CMakeCXXCompilerABI.cpp
Using built-in specs.
Reading specs from /usr/lib/gcc/arm-none-eabi/4.9.3/../../../arm-none-eabi/lib/nosys.specs
rename spec link_gcc_c_sequence to nosys_link_gcc_c_sequence
Reading specs from /usr/lib/gcc/arm-none-eabi/4.9.3/../../../arm-none-eabi/lib/nano.specs
rename spec link to nano_link
rename spec link_gcc_c_sequence to nano_link_gcc_c_sequence
rename spec cpp to nano_cpp
COLLECT_GCC=/usr/bin/arm-none-eabi-g++
Target: arm-none-eabi
Configured with: ../src/configure --build=x86_64-linux-gnu --prefix=/usr --includedir='/usr/lib/include' --mandir='/usr/lib/share/man' --infodir='/usr/lib/share/info' --sysconfdir=/etc --localstatedir=/var --disable-silent-rules --libdir='/usr/lib/lib/x86_64-linux-gnu' --libexecdir='/usr/lib/lib/x86_64-linux-gnu' --disable-maintainer-mode --disable-dependency-tracking --mandir=/usr/share/man --enable-languages=c,c++,lto --enable-multilib --disable-decimal-float --disable-libffi --disable-libgomp --disable-libmudflap --disable-libquadmath --disable-libssp --disable-libstdcxx-pch --disable-nls --disable-shared --disable-threads --disable-tls --build=x86_64-linux-gnu --target=arm-none-eabi --with-system-zlib --with-gnu-as --with-gnu-ld --with-pkgversion=15:4.9.3+svn231177-1 --without-included-gettext --prefix=/usr/lib --infodir=/usr/share/doc/gcc-arm-none-eabi/info --htmldir=/usr/share/doc/gcc-arm-none-eabi/html --pdfdir=/usr/share/doc/gcc-arm-none-eabi/pdf --bindir=/usr/bin --libexecdir=/usr/lib --libdir=/usr/lib --disable-libstdc++-v3 --host=x86_64-linux-gnu --with-headers=no --without-newlib --with-multilib-list=armv6-m,armv7-m,armv7e-m,armv7-r CFLAGS='-g -O2 -fstack-protector-strong' CPPFLAGS=-D_FORTIFY_SOURCE=2 CXXFLAGS='-g -O2 -fstack-protector-strong' FCFLAGS='-g -O2 -fstack-protector-strong' FFLAGS='-g -O2 -fstack-protector-strong' GCJFLAGS='-g -O2 -fstack-protector-strong' LDFLAGS='-Wl,-Bsymbolic-functions -Wl,-z,relro' OBJCFLAGS='-g -O2 -fstack-protector-strong' OBJCXXFLAGS='-g -O2 -fstack-protector-strong' INHIBIT_LIBC_CFLAGS=-DUSE_TM_CLONE_REGISTRY=0 AR_FOR_TARGET=arm-none-eabi-ar AS_FOR_TARGET=arm-none-eabi-as LD_FOR_TARGET=arm-none-eabi-ld NM_FOR_TARGET=arm-none-eabi-nm OBJDUMP_FOR_TARGET=arm-none-eabi-objdump RANLIB_FOR_TARGET=arm-none-eabi-ranlib READELF_FOR_TARGET=arm-none-eabi-readelf STRIP_FOR_TARGET=arm-none-eabi-strip
Thread model: single
gcc version 4.9.3 20150529 (prerelease) (15:4.9.3+svn231177-1) 
COLLECT_GCC_OPTIONS='-mcpu=cortex-m4' '-mthumb' '-mthumb-interwork' '-ffunction-sections' '-fdata-sections' '-g' '-fno-common' '-fmessage-length=0' '-specs=nosys.specs' '-specs=nano.specs' '-std=c++11' '-v' '-o' 'CMakeFiles/cmTC_04876.dir/CMakeCXXCompilerABI.cpp.obj' '-c'
 /usr/lib/gcc/arm-none-eabi/4.9.3/cc1plus -quiet -v -imultilib armv7e-m -D__USES_INITFINI__ /snap/clion/92/bin/cmake/linux/share/cmake-3.15/Modules/CMakeCXXCompilerABI.cpp -quiet -dumpbase CMakeCXXCompilerABI.cpp -mcpu=cortex-m4 -mthumb -mthumb-interwork -auxbase-strip CMakeFiles/cmTC_04876.dir/CMakeCXXCompilerABI.cpp.obj -g -std=c++11 -version -ffunction-sections -fdata-sections -fno-common -fmessage-length=0 -o /tmp/cc6mctWJ.s
GNU C++ (15:4.9.3+svn231177-1) version 4.9.3 20150529 (prerelease) (arm-none-eabi)
	compiled by GNU C version 5.2.1 20151129, GMP version 6.1.0, MPFR version 3.1.3, MPC version 1.0.3
warning: MPFR header version 3.1.3 differs from library version 3.1.4.
GGC heuristics: --param ggc-min-expand=100 --param ggc-min-heapsize=131072
ignoring nonexistent directory "/usr/lib/gcc/arm-none-eabi/4.9.3/../../../arm-none-eabi/sys-include"
#include "..." search starts here:
#include <...> search starts here:
 /usr/lib/gcc/arm-none-eabi/4.9.3/../../../arm-none-eabi/include/c++/4.9.3
 /usr/lib/gcc/arm-none-eabi/4.9.3/../../../arm-none-eabi/include/c++/4.9.3/arm-none-eabi/armv7e-m
 /usr/lib/gcc/arm-none-eabi/4.9.3/../../../arm-none-eabi/include/c++/4.9.3/backward
 /usr/lib/gcc/arm-none-eabi/4.9.3/include
 /usr/lib/gcc/arm-none-eabi/4.9.3/include-fixed
 /usr/lib/gcc/arm-none-eabi/4.9.3/../../../arm-none-eabi/include
End of search list.
GNU C++ (15:4.9.3+svn231177-1) version 4.9.3 20150529 (prerelease) (arm-none-eabi)
	compiled by GNU C version 5.2.1 20151129, GMP version 6.1.0, MPFR version 3.1.3, MPC version 1.0.3
warning: MPFR header version 3.1.3 differs from library version 3.1.4.
GGC heuristics: --param ggc-min-expand=100 --param ggc-min-heapsize=131072
Compiler executable checksum: 6948fa41b7fb2da910fed7adff42c5ba
COLLECT_GCC_OPTIONS='-mcpu=cortex-m4' '-mthumb' '-mthumb-interwork' '-ffunction-sections' '-fdata-sections' '-g' '-fno-common' '-fmessage-length=0' '-specs=nosys.specs' '-specs=nano.specs' '-std=c++11' '-v' '-o' 'CMakeFiles/cmTC_04876.dir/CMakeCXXCompilerABI.cpp.obj' '-c'
 /usr/lib/gcc/arm-none-eabi/4.9.3/../../../arm-none-eabi/bin/as -v -mcpu=cortex-m4 -mthumb-interwork -meabi=5 -o CMakeFiles/cmTC_04876.dir/CMakeCXXCompilerABI.cpp.obj /tmp/cc6mctWJ.s
GNU assembler version 2.26 (arm-none-eabi) using BFD version (2.26-4ubuntu1+8) 2.26
COMPILER_PATH=/usr/lib/gcc/arm-none-eabi/4.9.3/:/usr/lib/gcc/arm-none-eabi/4.9.3/:/usr/lib/gcc/arm-none-eabi/:/usr/lib/gcc/arm-none-eabi/4.9.3/:/usr/lib/gcc/arm-none-eabi/:/usr/lib/gcc/arm-none-eabi/4.9.3/../../../arm-none-eabi/bin/
LIBRARY_PATH=/usr/lib/gcc/arm-none-eabi/4.9.3/armv7e-m/:/usr/lib/gcc/arm-none-eabi/4.9.3/../../../arm-none-eabi/lib/armv7e-m/:/usr/lib/gcc/arm-none-eabi/4.9.3/:/usr/lib/gcc/arm-none-eabi/4.9.3/../../../arm-none-eabi/lib/
COLLECT_GCC_OPTIONS='-mcpu=cortex-m4' '-mthumb' '-mthumb-interwork' '-ffunction-sections' '-fdata-sections' '-g' '-fno-common' '-fmessage-length=0' '-specs=nosys.specs' '-specs=nano.specs' '-std=c++11' '-v' '-o' 'CMakeFiles/cmTC_04876.dir/CMakeCXXCompilerABI.cpp.obj' '-c'
Linking CXX executable cmTC_04876
/snap/clion/92/bin/cmake/linux/bin/cmake -E cmake_link_script CMakeFiles/cmTC_04876.dir/link.txt --verbose=1
/usr/bin/arm-none-eabi-g++  -mcpu=cortex-m4  -mthumb -mthumb-interwork -ffunction-sections -fdata-sections     -g -fno-common -fmessage-length=0 -specs=nosys.specs -specs=nano.specs -std=c++11   -Wl,-gc-sections,--print-memory-usage -T /home/gbs/CLionProjects/dac_dma/STM32F407VGTx_FLASH.ld -v CMakeFiles/cmTC_04876.dir/CMakeCXXCompilerABI.cpp.obj  -o cmTC_04876 
Using built-in specs.
Reading specs from /usr/lib/gcc/arm-none-eabi/4.9.3/../../../arm-none-eabi/lib/nosys.specs
rename spec link_gcc_c_sequence to nosys_link_gcc_c_sequence
Reading specs from /usr/lib/gcc/arm-none-eabi/4.9.3/../../../arm-none-eabi/lib/nano.specs
rename spec link to nano_link
rename spec link_gcc_c_sequence to nano_link_gcc_c_sequence
rename spec cpp to nano_cpp
COLLECT_GCC=/usr/bin/arm-none-eabi-g++
COLLECT_LTO_WRAPPER=/usr/lib/gcc/arm-none-eabi/4.9.3/lto-wrapper
Target: arm-none-eabi
Configured with: ../src/configure --build=x86_64-linux-gnu --prefix=/usr --includedir='/usr/lib/include' --mandir='/usr/lib/share/man' --infodir='/usr/lib/share/info' --sysconfdir=/etc --localstatedir=/var --disable-silent-rules --libdir='/usr/lib/lib/x86_64-linux-gnu' --libexecdir='/usr/lib/lib/x86_64-linux-gnu' --disable-maintainer-mode --disable-dependency-tracking --mandir=/usr/share/man --enable-languages=c,c++,lto --enable-multilib --disable-decimal-float --disable-libffi --disable-libgomp --disable-libmudflap --disable-libquadmath --disable-libssp --disable-libstdcxx-pch --disable-nls --disable-shared --disable-threads --disable-tls --build=x86_64-linux-gnu --target=arm-none-eabi --with-system-zlib --with-gnu-as --with-gnu-ld --with-pkgversion=15:4.9.3+svn231177-1 --without-included-gettext --prefix=/usr/lib --infodir=/usr/share/doc/gcc-arm-none-eabi/info --htmldir=/usr/share/doc/gcc-arm-none-eabi/html --pdfdir=/usr/share/doc/gcc-arm-none-eabi/pdf --bindir=/usr/bin --libexecdir=/usr/lib --libdir=/usr/lib --disable-libstdc++-v3 --host=x86_64-linux-gnu --with-headers=no --without-newlib --with-multilib-list=armv6-m,armv7-m,armv7e-m,armv7-r CFLAGS='-g -O2 -fstack-protector-strong' CPPFLAGS=-D_FORTIFY_SOURCE=2 CXXFLAGS='-g -O2 -fstack-protector-strong' FCFLAGS='-g -O2 -fstack-protector-strong' FFLAGS='-g -O2 -fstack-protector-strong' GCJFLAGS='-g -O2 -fstack-protector-strong' LDFLAGS='-Wl,-Bsymbolic-functions -Wl,-z,relro' OBJCFLAGS='-g -O2 -fstack-protector-strong' OBJCXXFLAGS='-g -O2 -fstack-protector-strong' INHIBIT_LIBC_CFLAGS=-DUSE_TM_CLONE_REGISTRY=0 AR_FOR_TARGET=arm-none-eabi-ar AS_FOR_TARGET=arm-none-eabi-as LD_FOR_TARGET=arm-none-eabi-ld NM_FOR_TARGET=arm-none-eabi-nm OBJDUMP_FOR_TARGET=arm-none-eabi-objdump RANLIB_FOR_TARGET=arm-none-eabi-ranlib READELF_FOR_TARGET=arm-none-eabi-readelf STRIP_FOR_TARGET=arm-none-eabi-strip
Thread model: single
gcc version 4.9.3 20150529 (prerelease) (15:4.9.3+svn231177-1) 
COMPILER_PATH=/usr/lib/gcc/arm-none-eabi/4.9.3/:/usr/lib/gcc/arm-none-eabi/4.9.3/:/usr/lib/gcc/arm-none-eabi/:/usr/lib/gcc/arm-none-eabi/4.9.3/:/usr/lib/gcc/arm-none-eabi/:/usr/lib/gcc/arm-none-eabi/4.9.3/../../../arm-none-eabi/bin/
LIBRARY_PATH=/usr/lib/gcc/arm-none-eabi/4.9.3/armv7e-m/:/usr/lib/gcc/arm-none-eabi/4.9.3/../../../arm-none-eabi/lib/armv7e-m/:/usr/lib/gcc/arm-none-eabi/4.9.3/:/usr/lib/gcc/arm-none-eabi/4.9.3/../../../arm-none-eabi/lib/
COLLECT_GCC_OPTIONS='-mcpu=cortex-m4' '-mthumb' '-mthumb-interwork' '-ffunction-sections' '-fdata-sections' '-g' '-fno-common' '-fmessage-length=0' '-specs=nosys.specs' '-specs=nano.specs' '-std=c++11' '-T' '/home/gbs/CLionProjects/dac_dma/STM32F407VGTx_FLASH.ld' '-v' '-o' 'cmTC_04876'
 /usr/lib/gcc/arm-none-eabi/4.9.3/collect2 -plugin /usr/lib/gcc/arm-none-eabi/4.9.3/liblto_plugin.so -plugin-opt=/usr/lib/gcc/arm-none-eabi/4.9.3/lto-wrapper -plugin-opt=-fresolution=/tmp/ccKPsBEI.res -plugin-opt=-pass-through=-lgcc -plugin-opt=-pass-through=-lg_nano -plugin-opt=-pass-through=-lc_nano -plugin-opt=-pass-through=-lgcc -plugin-opt=-pass-through=-lc_nano -plugin-opt=-pass-through=-lnosys -plugin-opt=-pass-through=-lgcc -plugin-opt=-pass-through=-lc_nano -plugin-opt=-pass-through=-lnosys -X -o cmTC_04876 /usr/lib/gcc/arm-none-eabi/4.9.3/armv7e-m/crti.o /usr/lib/gcc/arm-none-eabi/4.9.3/armv7e-m/crtbegin.o /usr/lib/gcc/arm-none-eabi/4.9.3/../../../arm-none-eabi/lib/armv7e-m/crt0.o -L/usr/lib/gcc/arm-none-eabi/4.9.3/armv7e-m -L/usr/lib/gcc/arm-none-eabi/4.9.3/../../../arm-none-eabi/lib/armv7e-m -L/usr/lib/gcc/arm-none-eabi/4.9.3 -L/usr/lib/gcc/arm-none-eabi/4.9.3/../../../arm-none-eabi/lib -gc-sections --print-memory-usage CMakeFiles/cmTC_04876.dir/CMakeCXXCompilerABI.cpp.obj -lstdc++_nano -lm --start-group -lgcc -lg_nano -lc_nano --end-group --start-group -lgcc -lc_nano -lnosys --end-group --start-group -lgcc -lc_nano -lnosys --end-group /usr/lib/gcc/arm-none-eabi/4.9.3/armv7e-m/crtend.o /usr/lib/gcc/arm-none-eabi/4.9.3/armv7e-m/crtn.o -T /home/gbs/CLionProjects/dac_dma/STM32F407VGTx_FLASH.ld
Memory region         Used Size  Region Size  %age Used
             RAM:        1568 B       128 KB      1.20%
          CCMRAM:          0 GB        64 KB      0.00%
           FLASH:         196 B         1 MB      0.02/usr/lib/gcc/arm-none-eabi/4.9.3/../../../arm-none-eabi/bin/ld: warning: /usr/lib/gcc/arm-none-eabi/4.9.3/../../../arm-none-eabi/lib/armv7e-m/libg_nano.a(lib_a-atexit.o) uses 2-byte wchar_t yet the output is to use 4-byte wchar_t; use of wchar_t values across objects may fail
/usr/lib/gcc/arm-none-eabi/4.9.3/../../../arm-none-eabi/bin/ld: warning: /usr/lib/gcc/arm-none-eabi/4.9.3/../../../arm-none-eabi/lib/armv7e-m/libg_nano.a(lib_a-exit.o) uses 2-byte wchar_t yet the output is to use 4-byte wchar_t; use of wchar_t values across objects may fail
/usr/lib/gcc/arm-none-eabi/4.9.3/../../../arm-none-eabi/bin/ld: warning: /usr/lib/gcc/arm-none-eabi/4.9.3/../../../arm-none-eabi/lib/armv7e-m/libg_nano.a(lib_a-fini.o) uses 2-byte wchar_t yet the output is to use 4-byte wchar_t; use of wchar_t values across objects may fail
/usr/lib/gcc/arm-none-eabi/4.9.3/../../../arm-none-eabi/bin/ld: warning: /usr/lib/gcc/arm-none-eabi/4.9.3/../../../arm-none-eabi/lib/armv7e-m/libg_nano.a(lib_a-impure.o) uses 2-byte wchar_t yet the output is to use 4-byte wchar_t; use of wchar_t values across objects may fail
/usr/lib/gcc/arm-none-eabi/4.9.3/../../../arm-none-eabi/bin/ld: warning: /usr/lib/gcc/arm-none-eabi/4.9.3/../../../arm-none-eabi/lib/armv7e-m/libg_nano.a(lib_a-init.o) uses 2-byte wchar_t yet the output is to use 4-byte wchar_t; use of wchar_t values across objects may fail
/usr/lib/gcc/arm-none-eabi/4.9.3/../../../arm-none-eabi/bin/ld: warning: /usr/lib/gcc/arm-none-eabi/4.9.3/../../../arm-none-eabi/lib/armv7e-m/libg_nano.a(lib_a-memset.o) uses 2-byte wchar_t yet the output is to use 4-byte wchar_t; use of wchar_t values across objects may fail
/usr/lib/gcc/arm-none-eabi/4.9.3/../../../arm-none-eabi/bin/ld: warning: /usr/lib/gcc/arm-none-eabi/4.9.3/../../../arm-none-eabi/lib/armv7e-m/libg_nano.a(lib_a-__atexit.o) uses 2-byte wchar_t yet the output is to use 4-byte wchar_t; use of wchar_t values across objects may fail
/usr/lib/gcc/arm-none-eabi/4.9.3/../../../arm-none-eabi/bin/ld: warning: /usr/lib/gcc/arm-none-eabi/4.9.3/../../../arm-none-eabi/lib/armv7e-m/libg_nano.a(lib_a-__call_atexit.o) uses 2-byte wchar_t yet the output is to use 4-byte wchar_t; use of wchar_t values across objects may fail
/usr/lib/gcc/arm-none-eabi/4.9.3/../../../arm-none-eabi/bin/ld: warning: cannot find entry symbol Reset_Handler; defaulting to 0000000008000000
%
make[1]: Leaving directory '/home/gbs/CLionProjects/dac_dma/cmake-build-debug/CMakeFiles/CMakeTmp'



Parsed CXX implicit include dir info from above output: rv=done
  found start of include info
  found start of implicit include info
    add: [/usr/lib/gcc/arm-none-eabi/4.9.3/../../../arm-none-eabi/include/c++/4.9.3]
    add: [/usr/lib/gcc/arm-none-eabi/4.9.3/../../../arm-none-eabi/include/c++/4.9.3/arm-none-eabi/armv7e-m]
    add: [/usr/lib/gcc/arm-none-eabi/4.9.3/../../../arm-none-eabi/include/c++/4.9.3/backward]
    add: [/usr/lib/gcc/arm-none-eabi/4.9.3/include]
    add: [/usr/lib/gcc/arm-none-eabi/4.9.3/include-fixed]
    add: [/usr/lib/gcc/arm-none-eabi/4.9.3/../../../arm-none-eabi/include]
  end of search list found
  collapse include dir [/usr/lib/gcc/arm-none-eabi/4.9.3/../../../arm-none-eabi/include/c++/4.9.3] ==> [/usr/lib/arm-none-eabi/include/c++/4.9.3]
  collapse include dir [/usr/lib/gcc/arm-none-eabi/4.9.3/../../../arm-none-eabi/include/c++/4.9.3/arm-none-eabi/armv7e-m] ==> [/usr/lib/arm-none-eabi/include/c++/4.9.3/arm-none-eabi/armv7e-m]
  collapse include dir [/usr/lib/gcc/arm-none-eabi/4.9.3/../../../arm-none-eabi/include/c++/4.9.3/backward] ==> [/usr/lib/arm-none-eabi/include/c++/4.9.3/backward]
  collapse include dir [/usr/lib/gcc/arm-none-eabi/4.9.3/include] ==> [/usr/lib/gcc/arm-none-eabi/4.9.3/include]
  collapse include dir [/usr/lib/gcc/arm-none-eabi/4.9.3/include-fixed] ==> [/usr/lib/gcc/arm-none-eabi/4.9.3/include-fixed]
  collapse include dir [/usr/lib/gcc/arm-none-eabi/4.9.3/../../../arm-none-eabi/include] ==> [/usr/lib/arm-none-eabi/include]
  implicit include dirs: [/usr/lib/arm-none-eabi/include/c++/4.9.3;/usr/lib/arm-none-eabi/include/c++/4.9.3/arm-none-eabi/armv7e-m;/usr/lib/arm-none-eabi/include/c++/4.9.3/backward;/usr/lib/gcc/arm-none-eabi/4.9.3/include;/usr/lib/gcc/arm-none-eabi/4.9.3/include-fixed;/usr/lib/arm-none-eabi/include]


Parsed CXX implicit link information from above output:
  link line regex: [^( *|.*[/\])(arm-none-eabi-ld|CMAKE_LINK_STARTFILE-NOTFOUND|([^/\]+-)?ld|collect2)[^/\]*( |$)]
  ignore line: [Change Dir: /home/gbs/CLionProjects/dac_dma/cmake-build-debug/CMakeFiles/CMakeTmp]
  ignore line: []
  ignore line: [Run Build Command(s):/usr/bin/make cmTC_04876/fast && /usr/bin/make -f CMakeFiles/cmTC_04876.dir/build.make CMakeFiles/cmTC_04876.dir/build]
  ignore line: [make[1]: Entering directory '/home/gbs/CLionProjects/dac_dma/cmake-build-debug/CMakeFiles/CMakeTmp']
  ignore line: [Building CXX object CMakeFiles/cmTC_04876.dir/CMakeCXXCompilerABI.cpp.obj]
  ignore line: [/usr/bin/arm-none-eabi-g++    -mcpu=cortex-m4  -mthumb -mthumb-interwork -ffunction-sections -fdata-sections     -g -fno-common -fmessage-length=0 -specs=nosys.specs -specs=nano.specs -std=c++11    -v -o CMakeFiles/cmTC_04876.dir/CMakeCXXCompilerABI.cpp.obj -c /snap/clion/92/bin/cmake/linux/share/cmake-3.15/Modules/CMakeCXXCompilerABI.cpp]
  ignore line: [Using built-in specs.]
  ignore line: [Reading specs from /usr/lib/gcc/arm-none-eabi/4.9.3/../../../arm-none-eabi/lib/nosys.specs]
  ignore line: [rename spec link_gcc_c_sequence to nosys_link_gcc_c_sequence]
  ignore line: [Reading specs from /usr/lib/gcc/arm-none-eabi/4.9.3/../../../arm-none-eabi/lib/nano.specs]
  ignore line: [rename spec link to nano_link]
  ignore line: [rename spec link_gcc_c_sequence to nano_link_gcc_c_sequence]
  ignore line: [rename spec cpp to nano_cpp]
  ignore line: [COLLECT_GCC=/usr/bin/arm-none-eabi-g++]
  ignore line: [Target: arm-none-eabi]
  ignore line: [Configured with: ../src/configure --build=x86_64-linux-gnu --prefix=/usr --includedir='/usr/lib/include' --mandir='/usr/lib/share/man' --infodir='/usr/lib/share/info' --sysconfdir=/etc --localstatedir=/var --disable-silent-rules --libdir='/usr/lib/lib/x86_64-linux-gnu' --libexecdir='/usr/lib/lib/x86_64-linux-gnu' --disable-maintainer-mode --disable-dependency-tracking --mandir=/usr/share/man --enable-languages=c,c++,lto --enable-multilib --disable-decimal-float --disable-libffi --disable-libgomp --disable-libmudflap --disable-libquadmath --disable-libssp --disable-libstdcxx-pch --disable-nls --disable-shared --disable-threads --disable-tls --build=x86_64-linux-gnu --target=arm-none-eabi --with-system-zlib --with-gnu-as --with-gnu-ld --with-pkgversion=15:4.9.3+svn231177-1 --without-included-gettext --prefix=/usr/lib --infodir=/usr/share/doc/gcc-arm-none-eabi/info --htmldir=/usr/share/doc/gcc-arm-none-eabi/html --pdfdir=/usr/share/doc/gcc-arm-none-eabi/pdf --bindir=/usr/bin --libexecdir=/usr/lib --libdir=/usr/lib --disable-libstdc++-v3 --host=x86_64-linux-gnu --with-headers=no --without-newlib --with-multilib-list=armv6-m,armv7-m,armv7e-m,armv7-r CFLAGS='-g -O2 -fstack-protector-strong' CPPFLAGS=-D_FORTIFY_SOURCE=2 CXXFLAGS='-g -O2 -fstack-protector-strong' FCFLAGS='-g -O2 -fstack-protector-strong' FFLAGS='-g -O2 -fstack-protector-strong' GCJFLAGS='-g -O2 -fstack-protector-strong' LDFLAGS='-Wl,-Bsymbolic-functions -Wl,-z,relro' OBJCFLAGS='-g -O2 -fstack-protector-strong' OBJCXXFLAGS='-g -O2 -fstack-protector-strong' INHIBIT_LIBC_CFLAGS=-DUSE_TM_CLONE_REGISTRY=0 AR_FOR_TARGET=arm-none-eabi-ar AS_FOR_TARGET=arm-none-eabi-as LD_FOR_TARGET=arm-none-eabi-ld NM_FOR_TARGET=arm-none-eabi-nm OBJDUMP_FOR_TARGET=arm-none-eabi-objdump RANLIB_FOR_TARGET=arm-none-eabi-ranlib READELF_FOR_TARGET=arm-none-eabi-readelf STRIP_FOR_TARGET=arm-none-eabi-strip]
  ignore line: [Thread model: single]
  ignore line: [gcc version 4.9.3 20150529 (prerelease) (15:4.9.3+svn231177-1) ]
  ignore line: [COLLECT_GCC_OPTIONS='-mcpu=cortex-m4' '-mthumb' '-mthumb-interwork' '-ffunction-sections' '-fdata-sections' '-g' '-fno-common' '-fmessage-length=0' '-specs=nosys.specs' '-specs=nano.specs' '-std=c++11' '-v' '-o' 'CMakeFiles/cmTC_04876.dir/CMakeCXXCompilerABI.cpp.obj' '-c']
  ignore line: [ /usr/lib/gcc/arm-none-eabi/4.9.3/cc1plus -quiet -v -imultilib armv7e-m -D__USES_INITFINI__ /snap/clion/92/bin/cmake/linux/share/cmake-3.15/Modules/CMakeCXXCompilerABI.cpp -quiet -dumpbase CMakeCXXCompilerABI.cpp -mcpu=cortex-m4 -mthumb -mthumb-interwork -auxbase-strip CMakeFiles/cmTC_04876.dir/CMakeCXXCompilerABI.cpp.obj -g -std=c++11 -version -ffunction-sections -fdata-sections -fno-common -fmessage-length=0 -o /tmp/cc6mctWJ.s]
  ignore line: [GNU C++ (15:4.9.3+svn231177-1) version 4.9.3 20150529 (prerelease) (arm-none-eabi)]
  ignore line: [	compiled by GNU C version 5.2.1 20151129, GMP version 6.1.0, MPFR version 3.1.3, MPC version 1.0.3]
  ignore line: [warning: MPFR header version 3.1.3 differs from library version 3.1.4.]
  ignore line: [GGC heuristics: --param ggc-min-expand=100 --param ggc-min-heapsize=131072]
  ignore line: [ignoring nonexistent directory "/usr/lib/gcc/arm-none-eabi/4.9.3/../../../arm-none-eabi/sys-include"]
  ignore line: [#include "..." search starts here:]
  ignore line: [#include <...> search starts here:]
  ignore line: [ /usr/lib/gcc/arm-none-eabi/4.9.3/../../../arm-none-eabi/include/c++/4.9.3]
  ignore line: [ /usr/lib/gcc/arm-none-eabi/4.9.3/../../../arm-none-eabi/include/c++/4.9.3/arm-none-eabi/armv7e-m]
  ignore line: [ /usr/lib/gcc/arm-none-eabi/4.9.3/../../../arm-none-eabi/include/c++/4.9.3/backward]
  ignore line: [ /usr/lib/gcc/arm-none-eabi/4.9.3/include]
  ignore line: [ /usr/lib/gcc/arm-none-eabi/4.9.3/include-fixed]
  ignore line: [ /usr/lib/gcc/arm-none-eabi/4.9.3/../../../arm-none-eabi/include]
  ignore line: [End of search list.]
  ignore line: [GNU C++ (15:4.9.3+svn231177-1) version 4.9.3 20150529 (prerelease) (arm-none-eabi)]
  ignore line: [	compiled by GNU C version 5.2.1 20151129, GMP version 6.1.0, MPFR version 3.1.3, MPC version 1.0.3]
  ignore line: [warning: MPFR header version 3.1.3 differs from library version 3.1.4.]
  ignore line: [GGC heuristics: --param ggc-min-expand=100 --param ggc-min-heapsize=131072]
  ignore line: [Compiler executable checksum: 6948fa41b7fb2da910fed7adff42c5ba]
  ignore line: [COLLECT_GCC_OPTIONS='-mcpu=cortex-m4' '-mthumb' '-mthumb-interwork' '-ffunction-sections' '-fdata-sections' '-g' '-fno-common' '-fmessage-length=0' '-specs=nosys.specs' '-specs=nano.specs' '-std=c++11' '-v' '-o' 'CMakeFiles/cmTC_04876.dir/CMakeCXXCompilerABI.cpp.obj' '-c']
  ignore line: [ /usr/lib/gcc/arm-none-eabi/4.9.3/../../../arm-none-eabi/bin/as -v -mcpu=cortex-m4 -mthumb-interwork -meabi=5 -o CMakeFiles/cmTC_04876.dir/CMakeCXXCompilerABI.cpp.obj /tmp/cc6mctWJ.s]
  ignore line: [GNU assembler version 2.26 (arm-none-eabi) using BFD version (2.26-4ubuntu1+8) 2.26]
  ignore line: [COMPILER_PATH=/usr/lib/gcc/arm-none-eabi/4.9.3/:/usr/lib/gcc/arm-none-eabi/4.9.3/:/usr/lib/gcc/arm-none-eabi/:/usr/lib/gcc/arm-none-eabi/4.9.3/:/usr/lib/gcc/arm-none-eabi/:/usr/lib/gcc/arm-none-eabi/4.9.3/../../../arm-none-eabi/bin/]
  ignore line: [LIBRARY_PATH=/usr/lib/gcc/arm-none-eabi/4.9.3/armv7e-m/:/usr/lib/gcc/arm-none-eabi/4.9.3/../../../arm-none-eabi/lib/armv7e-m/:/usr/lib/gcc/arm-none-eabi/4.9.3/:/usr/lib/gcc/arm-none-eabi/4.9.3/../../../arm-none-eabi/lib/]
  ignore line: [COLLECT_GCC_OPTIONS='-mcpu=cortex-m4' '-mthumb' '-mthumb-interwork' '-ffunction-sections' '-fdata-sections' '-g' '-fno-common' '-fmessage-length=0' '-specs=nosys.specs' '-specs=nano.specs' '-std=c++11' '-v' '-o' 'CMakeFiles/cmTC_04876.dir/CMakeCXXCompilerABI.cpp.obj' '-c']
  ignore line: [Linking CXX executable cmTC_04876]
  ignore line: [/snap/clion/92/bin/cmake/linux/bin/cmake -E cmake_link_script CMakeFiles/cmTC_04876.dir/link.txt --verbose=1]
  ignore line: [/usr/bin/arm-none-eabi-g++  -mcpu=cortex-m4  -mthumb -mthumb-interwork -ffunction-sections -fdata-sections     -g -fno-common -fmessage-length=0 -specs=nosys.specs -specs=nano.specs -std=c++11   -Wl,-gc-sections,--print-memory-usage -T /home/gbs/CLionProjects/dac_dma/STM32F407VGTx_FLASH.ld -v CMakeFiles/cmTC_04876.dir/CMakeCXXCompilerABI.cpp.obj  -o cmTC_04876 ]
  ignore line: [Using built-in specs.]
  ignore line: [Reading specs from /usr/lib/gcc/arm-none-eabi/4.9.3/../../../arm-none-eabi/lib/nosys.specs]
  ignore line: [rename spec link_gcc_c_sequence to nosys_link_gcc_c_sequence]
  ignore line: [Reading specs from /usr/lib/gcc/arm-none-eabi/4.9.3/../../../arm-none-eabi/lib/nano.specs]
  ignore line: [rename spec link to nano_link]
  ignore line: [rename spec link_gcc_c_sequence to nano_link_gcc_c_sequence]
  ignore line: [rename spec cpp to nano_cpp]
  ignore line: [COLLECT_GCC=/usr/bin/arm-none-eabi-g++]
  ignore line: [COLLECT_LTO_WRAPPER=/usr/lib/gcc/arm-none-eabi/4.9.3/lto-wrapper]
  ignore line: [Target: arm-none-eabi]
  ignore line: [Configured with: ../src/configure --build=x86_64-linux-gnu --prefix=/usr --includedir='/usr/lib/include' --mandir='/usr/lib/share/man' --infodir='/usr/lib/share/info' --sysconfdir=/etc --localstatedir=/var --disable-silent-rules --libdir='/usr/lib/lib/x86_64-linux-gnu' --libexecdir='/usr/lib/lib/x86_64-linux-gnu' --disable-maintainer-mode --disable-dependency-tracking --mandir=/usr/share/man --enable-languages=c,c++,lto --enable-multilib --disable-decimal-float --disable-libffi --disable-libgomp --disable-libmudflap --disable-libquadmath --disable-libssp --disable-libstdcxx-pch --disable-nls --disable-shared --disable-threads --disable-tls --build=x86_64-linux-gnu --target=arm-none-eabi --with-system-zlib --with-gnu-as --with-gnu-ld --with-pkgversion=15:4.9.3+svn231177-1 --without-included-gettext --prefix=/usr/lib --infodir=/usr/share/doc/gcc-arm-none-eabi/info --htmldir=/usr/share/doc/gcc-arm-none-eabi/html --pdfdir=/usr/share/doc/gcc-arm-none-eabi/pdf --bindir=/usr/bin --libexecdir=/usr/lib --libdir=/usr/lib --disable-libstdc++-v3 --host=x86_64-linux-gnu --with-headers=no --without-newlib --with-multilib-list=armv6-m,armv7-m,armv7e-m,armv7-r CFLAGS='-g -O2 -fstack-protector-strong' CPPFLAGS=-D_FORTIFY_SOURCE=2 CXXFLAGS='-g -O2 -fstack-protector-strong' FCFLAGS='-g -O2 -fstack-protector-strong' FFLAGS='-g -O2 -fstack-protector-strong' GCJFLAGS='-g -O2 -fstack-protector-strong' LDFLAGS='-Wl,-Bsymbolic-functions -Wl,-z,relro' OBJCFLAGS='-g -O2 -fstack-protector-strong' OBJCXXFLAGS='-g -O2 -fstack-protector-strong' INHIBIT_LIBC_CFLAGS=-DUSE_TM_CLONE_REGISTRY=0 AR_FOR_TARGET=arm-none-eabi-ar AS_FOR_TARGET=arm-none-eabi-as LD_FOR_TARGET=arm-none-eabi-ld NM_FOR_TARGET=arm-none-eabi-nm OBJDUMP_FOR_TARGET=arm-none-eabi-objdump RANLIB_FOR_TARGET=arm-none-eabi-ranlib READELF_FOR_TARGET=arm-none-eabi-readelf STRIP_FOR_TARGET=arm-none-eabi-strip]
  ignore line: [Thread model: single]
  ignore line: [gcc version 4.9.3 20150529 (prerelease) (15:4.9.3+svn231177-1) ]
  ignore line: [COMPILER_PATH=/usr/lib/gcc/arm-none-eabi/4.9.3/:/usr/lib/gcc/arm-none-eabi/4.9.3/:/usr/lib/gcc/arm-none-eabi/:/usr/lib/gcc/arm-none-eabi/4.9.3/:/usr/lib/gcc/arm-none-eabi/:/usr/lib/gcc/arm-none-eabi/4.9.3/../../../arm-none-eabi/bin/]
  ignore line: [LIBRARY_PATH=/usr/lib/gcc/arm-none-eabi/4.9.3/armv7e-m/:/usr/lib/gcc/arm-none-eabi/4.9.3/../../../arm-none-eabi/lib/armv7e-m/:/usr/lib/gcc/arm-none-eabi/4.9.3/:/usr/lib/gcc/arm-none-eabi/4.9.3/../../../arm-none-eabi/lib/]
  ignore line: [COLLECT_GCC_OPTIONS='-mcpu=cortex-m4' '-mthumb' '-mthumb-interwork' '-ffunction-sections' '-fdata-sections' '-g' '-fno-common' '-fmessage-length=0' '-specs=nosys.specs' '-specs=nano.specs' '-std=c++11' '-T' '/home/gbs/CLionProjects/dac_dma/STM32F407VGTx_FLASH.ld' '-v' '-o' 'cmTC_04876']
  link line: [ /usr/lib/gcc/arm-none-eabi/4.9.3/collect2 -plugin /usr/lib/gcc/arm-none-eabi/4.9.3/liblto_plugin.so -plugin-opt=/usr/lib/gcc/arm-none-eabi/4.9.3/lto-wrapper -plugin-opt=-fresolution=/tmp/ccKPsBEI.res -plugin-opt=-pass-through=-lgcc -plugin-opt=-pass-through=-lg_nano -plugin-opt=-pass-through=-lc_nano -plugin-opt=-pass-through=-lgcc -plugin-opt=-pass-through=-lc_nano -plugin-opt=-pass-through=-lnosys -plugin-opt=-pass-through=-lgcc -plugin-opt=-pass-through=-lc_nano -plugin-opt=-pass-through=-lnosys -X -o cmTC_04876 /usr/lib/gcc/arm-none-eabi/4.9.3/armv7e-m/crti.o /usr/lib/gcc/arm-none-eabi/4.9.3/armv7e-m/crtbegin.o /usr/lib/gcc/arm-none-eabi/4.9.3/../../../arm-none-eabi/lib/armv7e-m/crt0.o -L/usr/lib/gcc/arm-none-eabi/4.9.3/armv7e-m -L/usr/lib/gcc/arm-none-eabi/4.9.3/../../../arm-none-eabi/lib/armv7e-m -L/usr/lib/gcc/arm-none-eabi/4.9.3 -L/usr/lib/gcc/arm-none-eabi/4.9.3/../../../arm-none-eabi/lib -gc-sections --print-memory-usage CMakeFiles/cmTC_04876.dir/CMakeCXXCompilerABI.cpp.obj -lstdc++_nano -lm --start-group -lgcc -lg_nano -lc_nano --end-group --start-group -lgcc -lc_nano -lnosys --end-group --start-group -lgcc -lc_nano -lnosys --end-group /usr/lib/gcc/arm-none-eabi/4.9.3/armv7e-m/crtend.o /usr/lib/gcc/arm-none-eabi/4.9.3/armv7e-m/crtn.o -T /home/gbs/CLionProjects/dac_dma/STM32F407VGTx_FLASH.ld]
    arg [/usr/lib/gcc/arm-none-eabi/4.9.3/collect2] ==> ignore
    arg [-plugin] ==> ignore
    arg [/usr/lib/gcc/arm-none-eabi/4.9.3/liblto_plugin.so] ==> ignore
    arg [-plugin-opt=/usr/lib/gcc/arm-none-eabi/4.9.3/lto-wrapper] ==> ignore
    arg [-plugin-opt=-fresolution=/tmp/ccKPsBEI.res] ==> ignore
    arg [-plugin-opt=-pass-through=-lgcc] ==> ignore
    arg [-plugin-opt=-pass-through=-lg_nano] ==> ignore
    arg [-plugin-opt=-pass-through=-lc_nano] ==> ignore
    arg [-plugin-opt=-pass-through=-lgcc] ==> ignore
    arg [-plugin-opt=-pass-through=-lc_nano] ==> ignore
    arg [-plugin-opt=-pass-through=-lnosys] ==> ignore
    arg [-plugin-opt=-pass-through=-lgcc] ==> ignore
    arg [-plugin-opt=-pass-through=-lc_nano] ==> ignore
    arg [-plugin-opt=-pass-through=-lnosys] ==> ignore
    arg [-X] ==> ignore
    arg [-o] ==> ignore
    arg [cmTC_04876] ==> ignore
    arg [/usr/lib/gcc/arm-none-eabi/4.9.3/armv7e-m/crti.o] ==> ignore
    arg [/usr/lib/gcc/arm-none-eabi/4.9.3/armv7e-m/crtbegin.o] ==> ignore
    arg [/usr/lib/gcc/arm-none-eabi/4.9.3/../../../arm-none-eabi/lib/armv7e-m/crt0.o] ==> ignore
    arg [-L/usr/lib/gcc/arm-none-eabi/4.9.3/armv7e-m] ==> dir [/usr/lib/gcc/arm-none-eabi/4.9.3/armv7e-m]
    arg [-L/usr/lib/gcc/arm-none-eabi/4.9.3/../../../arm-none-eabi/lib/armv7e-m] ==> dir [/usr/lib/gcc/arm-none-eabi/4.9.3/../../../arm-none-eabi/lib/armv7e-m]
    arg [-L/usr/lib/gcc/arm-none-eabi/4.9.3] ==> dir [/usr/lib/gcc/arm-none-eabi/4.9.3]
    arg [-L/usr/lib/gcc/arm-none-eabi/4.9.3/../../../arm-none-eabi/lib] ==> dir [/usr/lib/gcc/arm-none-eabi/4.9.3/../../../arm-none-eabi/lib]
    arg [-gc-sections] ==> ignore
    arg [--print-memory-usage] ==> ignore
    arg [CMakeFiles/cmTC_04876.dir/CMakeCXXCompilerABI.cpp.obj] ==> ignore
    arg [-lstdc++_nano] ==> lib [stdc++_nano]
    arg [-lm] ==> lib [m]
    arg [--start-group] ==> ignore
    arg [-lgcc] ==> lib [gcc]
    arg [-lg_nano] ==> lib [g_nano]
    arg [-lc_nano] ==> lib [c_nano]
    arg [--end-group] ==> ignore
    arg [--start-group] ==> ignore
    arg [-lgcc] ==> lib [gcc]
    arg [-lc_nano] ==> lib [c_nano]
    arg [-lnosys] ==> lib [nosys]
    arg [--end-group] ==> ignore
    arg [--start-group] ==> ignore
    arg [-lgcc] ==> lib [gcc]
    arg [-lc_nano] ==> lib [c_nano]
    arg [-lnosys] ==> lib [nosys]
    arg [--end-group] ==> ignore
    arg [/usr/lib/gcc/arm-none-eabi/4.9.3/armv7e-m/crtend.o] ==> ignore
    arg [/usr/lib/gcc/arm-none-eabi/4.9.3/armv7e-m/crtn.o] ==> ignore
    arg [-T] ==> ignore
    arg [/home/gbs/CLionProjects/dac_dma/STM32F407VGTx_FLASH.ld] ==> ignore
  collapse library dir [/usr/lib/gcc/arm-none-eabi/4.9.3/armv7e-m] ==> [/usr/lib/gcc/arm-none-eabi/4.9.3/armv7e-m]
  collapse library dir [/usr/lib/gcc/arm-none-eabi/4.9.3/../../../arm-none-eabi/lib/armv7e-m] ==> [/usr/lib/arm-none-eabi/lib/armv7e-m]
  collapse library dir [/usr/lib/gcc/arm-none-eabi/4.9.3] ==> [/usr/lib/gcc/arm-none-eabi/4.9.3]
  collapse library dir [/usr/lib/gcc/arm-none-eabi/4.9.3/../../../arm-none-eabi/lib] ==> [/usr/lib/arm-none-eabi/lib]
  implicit libs: [stdc++_nano;m;gcc;g_nano;c_nano;gcc;c_nano;nosys;gcc;c_nano;nosys]
  implicit dirs: [/usr/lib/gcc/arm-none-eabi/4.9.3/armv7e-m;/usr/lib/arm-none-eabi/lib/armv7e-m;/usr/lib/gcc/arm-none-eabi/4.9.3;/usr/lib/arm-none-eabi/lib]
  implicit fwks: []




Detecting CXX [-std=c++14] compiler features compiled with the following output:
Change Dir: /home/gbs/CLionProjects/dac_dma/cmake-build-debug/CMakeFiles/CMakeTmp

Run Build Command(s):/usr/bin/make cmTC_03fac/fast && /usr/bin/make -f CMakeFiles/cmTC_03fac.dir/build.make CMakeFiles/cmTC_03fac.dir/build
make[1]: Entering directory '/home/gbs/CLionProjects/dac_dma/cmake-build-debug/CMakeFiles/CMakeTmp'
Building CXX object CMakeFiles/cmTC_03fac.dir/feature_tests.cxx.obj
/usr/bin/arm-none-eabi-g++    -mcpu=cortex-m4  -mthumb -mthumb-interwork -ffunction-sections -fdata-sections     -g -fno-common -fmessage-length=0 -specs=nosys.specs -specs=nano.specs -std=c++11    -std=c++14 -o CMakeFiles/cmTC_03fac.dir/feature_tests.cxx.obj -c /home/gbs/CLionProjects/dac_dma/cmake-build-debug/CMakeFiles/feature_tests.cxx
Linking CXX executable cmTC_03fac
/snap/clion/92/bin/cmake/linux/bin/cmake -E cmake_link_script CMakeFiles/cmTC_03fac.dir/link.txt --verbose=1
/usr/bin/arm-none-eabi-g++  -mcpu=cortex-m4  -mthumb -mthumb-interwork -ffunction-sections -fdata-sections     -g -fno-common -fmessage-length=0 -specs=nosys.specs -specs=nano.specs -std=c++11   -Wl,-gc-sections,--print-memory-usage -T /home/gbs/CLionProjects/dac_dma/STM32F407VGTx_FLASH.ld  CMakeFiles/cmTC_03fac.dir/feature_tests.cxx.obj  -o cmTC_03fac 
Memory region         Used Size  Region Size  %age Used
             RAM:        1568 B       128 KB      1.20%
          CCMRAM:          0 GB        64 KB      0.00%
           FLASH:         196 B         1 MB      0.02/usr/lib/gcc/arm-none-eabi/4.9.3/../../../arm-none-eabi/bin/ld: warning: /usr/lib/gcc/arm-none-eabi/4.9.3/../../../arm-none-eabi/lib/armv7e-m/libg_nano.a(lib_a-atexit.o) uses 2-byte wchar_t yet the output is to use 4-byte wchar_t; use of wchar_t values across objects may fail
/usr/lib/gcc/arm-none-eabi/4.9.3/../../../arm-none-eabi/bin/ld: warning: /usr/lib/gcc/arm-none-eabi/4.9.3/../../../arm-none-eabi/lib/armv7e-m/libg_nano.a(lib_a-exit.o) uses 2-byte wchar_t yet the output is to use 4-byte wchar_t; use of wchar_t values across objects may fail
/usr/lib/gcc/arm-none-eabi/4.9.3/../../../arm-none-eabi/bin/ld: warning: /usr/lib/gcc/arm-none-eabi/4.9.3/../../../arm-none-eabi/lib/armv7e-m/libg_nano.a(lib_a-fini.o) uses 2-byte wchar_t yet the output is to use 4-byte wchar_t; use of wchar_t values across objects may fail
/usr/lib/gcc/arm-none-eabi/4.9.3/../../../arm-none-eabi/bin/ld: warning: /usr/lib/gcc/arm-none-eabi/4.9.3/../../../arm-none-eabi/lib/armv7e-m/libg_nano.a(lib_a-impure.o) uses 2-byte wchar_t yet the output is to use 4-byte wchar_t; use of wchar_t values across objects may fail
/usr/lib/gcc/arm-none-eabi/4.9.3/../../../arm-none-eabi/bin/ld: warning: /usr/lib/gcc/arm-none-eabi/4.9.3/../../../arm-none-eabi/lib/armv7e-m/libg_nano.a(lib_a-init.o) uses 2-byte wchar_t yet the output is to use 4-byte wchar_t; use of wchar_t values across objects may fail
/usr/lib/gcc/arm-none-eabi/4.9.3/../../../arm-none-eabi/bin/ld: warning: /usr/lib/gcc/arm-none-eabi/4.9.3/../../../arm-none-eabi/lib/armv7e-m/libg_nano.a(lib_a-memset.o) uses 2-byte wchar_t yet the output is to use 4-byte wchar_t; use of wchar_t values across objects may fail
/usr/lib/gcc/arm-none-eabi/4.9.3/../../../arm-none-eabi/bin/ld: warning: /usr/lib/gcc/arm-none-eabi/4.9.3/../../../arm-none-eabi/lib/armv7e-m/libg_nano.a(lib_a-__atexit.o) uses 2-byte wchar_t yet the output is to use 4-byte wchar_t; use of wchar_t values across objects may fail
/usr/lib/gcc/arm-none-eabi/4.9.3/../../../arm-none-eabi/bin/ld: warning: /usr/lib/gcc/arm-none-eabi/4.9.3/../../../arm-none-eabi/lib/armv7e-m/libg_nano.a(lib_a-__call_atexit.o) uses 2-byte wchar_t yet the output is to use 4-byte wchar_t; use of wchar_t values across objects may fail
/usr/lib/gcc/arm-none-eabi/4.9.3/../../../arm-none-eabi/bin/ld: warning: cannot find entry symbol Reset_Handler; defaulting to 0000000008000000
%
make[1]: Leaving directory '/home/gbs/CLionProjects/dac_dma/cmake-build-debug/CMakeFiles/CMakeTmp'



